[INFO] Error stacktraces are turned on.
[INFO] Scanning for projects...
[INFO] ------------------------------------------------------------------------
[INFO] Reactor Build Order:
[INFO] 
[INFO] appops reactor
[INFO] appops infrastructure projects in this tree
[INFO] appops core library
[INFO] Class and method scanner
[INFO] Java to TypeScript generator
[INFO] SampleService - Infrastructure test data Service
[INFO] Appops Infrastructure benchmarking service
[INFO] library demo service
[INFO] appops infrastructure app server
[INFO] appops infrastructure web service
[INFO] appops server
[INFO] appops-shared-common
[INFO] appops gwt common
[INFO] 
[INFO] Using the builder org.apache.maven.lifecycle.internal.builder.singlethreaded.SingleThreadedBuilder with a thread count of 1
[INFO]                                                                         
[INFO] ------------------------------------------------------------------------
[INFO] Building appops reactor 0.0.3-SNAPSHOT
[INFO] ------------------------------------------------------------------------
[INFO] 
[INFO] --- maven-release-plugin:2.2.2:perform (default-cli) @ appops ---
[INFO] Checking out the project to perform the release ...
[INFO] Executing: /bin/sh -c cd /home/comp8/git/appops/appops/target && git clone --branch appops-0.0.2 git@github.com:aino-gautam/appops.git /home/comp8/git/appops/appops/target/checkout
[INFO] Working directory: /home/comp8/git/appops/appops/target
[ERROR] The git-clone command failed.
[INFO] ------------------------------------------------------------------------
[INFO] Reactor Summary:
[INFO] 
[INFO] appops reactor .................................... FAILURE [  3.041 s]
[INFO] appops infrastructure projects in this tree ....... SKIPPED
[INFO] appops core library ............................... SKIPPED
[INFO] Class and method scanner .......................... SKIPPED
[INFO] Java to TypeScript generator ...................... SKIPPED
[INFO] SampleService - Infrastructure test data Service .. SKIPPED
[INFO] Appops Infrastructure benchmarking service ........ SKIPPED
[INFO] library demo service .............................. SKIPPED
[INFO] appops infrastructure app server .................. SKIPPED
[INFO] appops infrastructure web service ................. SKIPPED
[INFO] appops server ..................................... SKIPPED
[INFO] appops-shared-common .............................. SKIPPED
[INFO] appops gwt common ................................. SKIPPED
[INFO] ------------------------------------------------------------------------
[INFO] BUILD FAILURE
[INFO] ------------------------------------------------------------------------
[INFO] Total time: 3.298 s
[INFO] Finished at: 2017-09-18T19:32:32+05:30
[INFO] Final Memory: 12M/212M
[INFO] ------------------------------------------------------------------------
[ERROR] Failed to execute goal org.apache.maven.plugins:maven-release-plugin:2.2.2:perform (default-cli) on project appops: Unable to checkout from SCM
[ERROR] Provider message:
[ERROR] The git-clone command failed.
[ERROR] Command output:
[ERROR] Cloning into '/home/comp8/git/appops/appops/target/checkout'...
[ERROR] fatal: Remote branch appops-0.0.2 not found in upstream origin
[ERROR] -> [Help 1]
org.apache.maven.lifecycle.LifecycleExecutionException: Failed to execute goal org.apache.maven.plugins:maven-release-plugin:2.2.2:perform (default-cli) on project appops: Unable to checkout from SCM
Provider message:
The git-clone command failed.
Command output:
Cloning into '/home/comp8/git/appops/appops/target/checkout'...
fatal: Remote branch appops-0.0.2 not found in upstream origin

	at org.apache.maven.lifecycle.internal.MojoExecutor.execute(MojoExecutor.java:212)
	at org.apache.maven.lifecycle.internal.MojoExecutor.execute(MojoExecutor.java:153)
	at org.apache.maven.lifecycle.internal.MojoExecutor.execute(MojoExecutor.java:145)
	at org.apache.maven.lifecycle.internal.LifecycleModuleBuilder.buildProject(LifecycleModuleBuilder.java:108)
	at org.apache.maven.lifecycle.internal.LifecycleModuleBuilder.buildProject(LifecycleModuleBuilder.java:76)
	at org.apache.maven.lifecycle.internal.builder.singlethreaded.SingleThreadedBuilder.build(SingleThreadedBuilder.java:51)
	at org.apache.maven.lifecycle.internal.LifecycleStarter.execute(LifecycleStarter.java:116)
	at org.apache.maven.DefaultMaven.doExecute(DefaultMaven.java:361)
	at org.apache.maven.DefaultMaven.execute(DefaultMaven.java:155)
	at org.apache.maven.cli.MavenCli.execute(MavenCli.java:584)
	at org.apache.maven.cli.MavenCli.doMain(MavenCli.java:213)
	at org.apache.maven.cli.MavenCli.main(MavenCli.java:157)
	at sun.reflect.NativeMethodAccessorImpl.invoke0(Native Method)
	at sun.reflect.NativeMethodAccessorImpl.invoke(NativeMethodAccessorImpl.java:62)
	at sun.reflect.DelegatingMethodAccessorImpl.invoke(DelegatingMethodAccessorImpl.java:43)
	at java.lang.reflect.Method.invoke(Method.java:483)
	at org.codehaus.plexus.classworlds.launcher.Launcher.launchEnhanced(Launcher.java:289)
	at org.codehaus.plexus.classworlds.launcher.Launcher.launch(Launcher.java:229)
	at org.codehaus.plexus.classworlds.launcher.Launcher.mainWithExitCode(Launcher.java:415)
	at org.codehaus.plexus.classworlds.launcher.Launcher.main(Launcher.java:356)
Caused by: org.apache.maven.plugin.MojoFailureException: Unable to checkout from SCM
Provider message:
The git-clone command failed.
Command output:
Cloning into '/home/comp8/git/appops/appops/target/checkout'...
fatal: Remote branch appops-0.0.2 not found in upstream origin

	at org.apache.maven.plugins.release.PerformReleaseMojo.execute(PerformReleaseMojo.java:142)
	at org.apache.maven.plugin.DefaultBuildPluginManager.executeMojo(DefaultBuildPluginManager.java:133)
	at org.apache.maven.lifecycle.internal.MojoExecutor.execute(MojoExecutor.java:208)
	... 19 more
Caused by: org.apache.maven.shared.release.scm.ReleaseScmCommandException: Unable to checkout from SCM
Provider message:
The git-clone command failed.
Command output:
Cloning into '/home/comp8/git/appops/appops/target/checkout'...
fatal: Remote branch appops-0.0.2 not found in upstream origin

	at org.apache.maven.shared.release.phase.CheckoutProjectFromScm.execute(CheckoutProjectFromScm.java:196)
	at org.apache.maven.shared.release.DefaultReleaseManager.perform(DefaultReleaseManager.java:346)
	at org.apache.maven.shared.release.DefaultReleaseManager.perform(DefaultReleaseManager.java:293)
	at org.apache.maven.shared.release.DefaultReleaseManager.perform(DefaultReleaseManager.java:272)
	at org.apache.maven.plugins.release.PerformReleaseMojo.execute(PerformReleaseMojo.java:134)
	... 21 more
[ERROR] 
[ERROR] Re-run Maven using the -X switch to enable full debug logging.
[ERROR] 
[ERROR] For more information about the errors and possible solutions, please read the following articles:
[ERROR] [Help 1] http://cwiki.apache.org/confluence/display/MAVEN/MojoFailureException
